  command.cpp
C:\git\Macro-Parser\Project\command.cpp(933,32): warning C4267: 'initializing': conversion from 'size_t' to 'unsigned int', possible loss of data
  macrosearch.cpp
C:\Programs\Microsoft Visual Studio\2022\Community\VC\Tools\MSVC\14.36.32532\include\xmemory(677,47): error C2665: 'std::basic_string<char,std::char_traits<char>,std::allocator<char>>::basic_string': no overloaded function could convert all the argument types
C:\Programs\Microsoft Visual Studio\2022\Community\VC\Tools\MSVC\14.36.32532\include\xstring(2576,5): message : could be 'std::basic_string<char,std::char_traits<char>,std::allocator<char>>::basic_string(const _Elem *const )'
          with
          [
              _Elem=char
          ]
C:\Programs\Microsoft Visual Studio\2022\Community\VC\Tools\MSVC\14.36.32532\include\xmemory(677,47): message : 'std::basic_string<char,std::char_traits<char>,std::allocator<char>>::basic_string(const _Elem *const )': cannot convert argument 1 from '_Ty' to 'const _Elem *const '
          with
          [
              _Elem=char
          ]
          and
          [
              _Ty=std::basic_string<wchar_t,std::char_traits<wchar_t>,std::allocator<wchar_t>>
          ]
          and
          [
              _Elem=char
          ]
C:\Programs\Microsoft Visual Studio\2022\Community\VC\Tools\MSVC\14.36.32532\include\xmemory(677,68): message : No user-defined-conversion operator available that can perform this conversion, or the operator cannot be called
C:\Programs\Microsoft Visual Studio\2022\Community\VC\Tools\MSVC\14.36.32532\include\xstring(3110,5): message : or       'std::basic_string<char,std::char_traits<char>,std::allocator<char>>::basic_string(std::initializer_list<_Elem>,const _Alloc &)'
          with
          [
              _Elem=char,
              _Alloc=std::allocator<char>
          ]
C:\Programs\Microsoft Visual Studio\2022\Community\VC\Tools\MSVC\14.36.32532\include\xmemory(677,47): message : 'std::basic_string<char,std::char_traits<char>,std::allocator<char>>::basic_string(std::initializer_list<_Elem>,const _Alloc &)': cannot convert argument 1 from '_Ty' to 'std::initializer_list<_Elem>'
          with
          [
              _Elem=char,
              _Alloc=std::allocator<char>
          ]
          and
          [
              _Ty=std::basic_string<wchar_t,std::char_traits<wchar_t>,std::allocator<wchar_t>>
          ]
          and
          [
              _Elem=char
          ]
C:\Programs\Microsoft Visual Studio\2022\Community\VC\Tools\MSVC\14.36.32532\include\xmemory(677,68): message : No user-defined-conversion operator available that can perform this conversion, or the operator cannot be called
C:\Programs\Microsoft Visual Studio\2022\Community\VC\Tools\MSVC\14.36.32532\include\xstring(2522,5): message : or       'std::basic_string<char,std::char_traits<char>,std::allocator<char>>::basic_string(const _Alloc &) noexcept'
          with
          [
              _Alloc=std::allocator<char>
          ]
C:\Programs\Microsoft Visual Studio\2022\Community\VC\Tools\MSVC\14.36.32532\include\xmemory(677,47): message : 'std::basic_string<char,std::char_traits<char>,std::allocator<char>>::basic_string(const _Alloc &) noexcept': cannot convert argument 1 from '_Ty' to 'const _Alloc &'
          with
          [
              _Alloc=std::allocator<char>
          ]
          and
          [
              _Ty=std::basic_string<wchar_t,std::char_traits<wchar_t>,std::allocator<wchar_t>>
          ]
          and
          [
              _Alloc=std::allocator<char>
          ]
C:\Programs\Microsoft Visual Studio\2022\Community\VC\Tools\MSVC\14.36.32532\include\xmemory(677,68): message : Reason: cannot convert from '_Ty' to 'const _Alloc'
          with
          [
              _Ty=std::basic_string<wchar_t,std::char_traits<wchar_t>,std::allocator<wchar_t>>
          ]
          and
          [
              _Alloc=std::allocator<char>
          ]
C:\Programs\Microsoft Visual Studio\2022\Community\VC\Tools\MSVC\14.36.32532\include\xmemory(677,68): message : No user-defined-conversion operator available that can perform this conversion, or the operator cannot be called
C:\Programs\Microsoft Visual Studio\2022\Community\VC\Tools\MSVC\14.36.32532\include\xstring(2606,5): message : or       'std::basic_string<char,std::char_traits<char>,std::allocator<char>>::basic_string(_Iter,_Iter,const _Alloc &)'
          with
          [
              _Alloc=std::allocator<char>
          ]
C:\Programs\Microsoft Visual Studio\2022\Community\VC\Tools\MSVC\14.36.32532\include\xmemory(677,47): message : 'std::basic_string<char,std::char_traits<char>,std::allocator<char>>::basic_string(_Iter,_Iter,const _Alloc &)': expects 3 arguments - 1 provided
          with
          [
              _Alloc=std::allocator<char>
          ]
C:\Programs\Microsoft Visual Studio\2022\Community\VC\Tools\MSVC\14.36.32532\include\xmemory(677,47): message : while trying to match the argument list '(_Ty)'
          with
          [
              _Ty=std::basic_string<wchar_t,std::char_traits<wchar_t>,std::allocator<wchar_t>>
          ]
C:\Programs\Microsoft Visual Studio\2022\Community\VC\Tools\MSVC\14.36.32532\include\vector(798,27): message : see reference to function template instantiation 'void std::_Default_allocator_traits<_Alloc>::construct<_Ty,std::basic_string<wchar_t,std::char_traits<wchar_t>,std::allocator<wchar_t>>>(_Alloc &,_Objty *const ,std::basic_string<wchar_t,std::char_traits<wchar_t>,std::allocator<wchar_t>> &&)' being compiled
          with
          [
              _Alloc=std::allocator<std::string>,
              _Ty=std::basic_string<char,std::char_traits<char>,std::allocator<char>>,
              _Objty=std::basic_string<char,std::char_traits<char>,std::allocator<char>>
          ]
C:\Programs\Microsoft Visual Studio\2022\Community\VC\Tools\MSVC\14.36.32532\include\vector(780,20): message : see reference to function template instantiation '_Ty &std::vector<_Ty,std::allocator<_Ty>>::_Emplace_back_with_unused_capacity<std::basic_string<wchar_t,std::char_traits<wchar_t>,std::allocator<wchar_t>>>(std::basic_string<wchar_t,std::char_traits<wchar_t>,std::allocator<wchar_t>> &&)' being compiled
          with
          [
              _Ty=std::string
          ]
C:\Programs\Microsoft Visual Studio\2022\Community\VC\Tools\MSVC\14.36.32532\include\vector(862,24): message : see reference to function template instantiation '_Ty &std::vector<_Ty,std::allocator<_Ty>>::_Emplace_one_at_back<std::basic_string<wchar_t,std::char_traits<wchar_t>,std::allocator<wchar_t>>>(std::basic_string<wchar_t,std::char_traits<wchar_t>,std::allocator<wchar_t>> &&)' being compiled
          with
          [
              _Ty=std::string
          ]
C:\git\Macro-Parser\Project\macrosearch.cpp(179,22): message : see reference to function template instantiation 'void std::vector<std::string,std::allocator<std::string>>::emplace_back<std::basic_string<wchar_t,std::char_traits<wchar_t>,std::allocator<wchar_t>>>(std::basic_string<wchar_t,std::char_traits<wchar_t>,std::allocator<wchar_t>> &&)' being compiled
